[debug] [2022-12-21T17:17:34.413Z] ----------------------------------------------------------------------
[debug] [2022-12-21T17:17:34.414Z] Command:       /Users/ng/.nvm/versions/node/v16.17.1/bin/node /Users/ng/.nvm/versions/node/v16.17.1/bin/firebase init
[debug] [2022-12-21T17:17:34.414Z] CLI Version:   11.16.1
[debug] [2022-12-21T17:17:34.414Z] Platform:      darwin
[debug] [2022-12-21T17:17:34.415Z] Node Version:  v16.17.1
[debug] [2022-12-21T17:17:34.415Z] Time:          Wed Dec 21 2022 20:17:34 GMT+0300 (Moscow Standard Time)
[debug] [2022-12-21T17:17:34.415Z] ----------------------------------------------------------------------
[debug] 
[debug] [2022-12-21T17:17:34.418Z] > command requires scopes: ["email","openid","https://www.googleapis.com/auth/cloudplatformprojects.readonly","https://www.googleapis.com/auth/firebase","https://www.googleapis.com/auth/cloud-platform"]
[debug] [2022-12-21T17:17:34.418Z] > authorizing via signed-in user (nail@gradoservice.ru)
[info] 
     ######## #### ########  ######## ########     ###     ######  ########
     ##        ##  ##     ## ##       ##     ##  ##   ##  ##       ##
     ######    ##  ########  ######   ########  #########  ######  ######
     ##        ##  ##    ##  ##       ##     ## ##     ##       ## ##
     ##       #### ##     ## ######## ########  ##     ##  ######  ########

You're about to initialize a Firebase project in this directory:

  /Users/ng/web/am_country_city

[info] 
=== Project Setup
[info] 
[info] First, let's associate this project directory with a Firebase project.
[info] You can create multiple project aliases by running firebase use --add, 
[info] but for now we'll just set up a default project.
[info] 
[debug] [2022-12-21T17:18:44.653Z] > refreshing access token with scopes: []
[debug] [2022-12-21T17:18:44.655Z] >>> [apiv2][query] POST https://www.googleapis.com/oauth2/v3/token [none]
[debug] [2022-12-21T17:18:44.655Z] >>> [apiv2][body] POST https://www.googleapis.com/oauth2/v3/token [omitted]
[debug] [2022-12-21T17:18:44.925Z] <<< [apiv2][status] POST https://www.googleapis.com/oauth2/v3/token 200
[debug] [2022-12-21T17:18:44.925Z] <<< [apiv2][body] POST https://www.googleapis.com/oauth2/v3/token [omitted]
[debug] [2022-12-21T17:18:44.978Z] >>> [apiv2][query] GET https://firebase.googleapis.com/v1beta1/projects pageSize=100
[debug] [2022-12-21T17:18:45.726Z] <<< [apiv2][status] GET https://firebase.googleapis.com/v1beta1/projects 200
[debug] [2022-12-21T17:18:45.727Z] <<< [apiv2][body] GET https://firebase.googleapis.com/v1beta1/projects [omitted]
[info] i  Using project am-country-city (am-country-city) 
[info] 
=== Hosting Setup
[info] 
[info] Your public directory is the folder (relative to your project directory) that
[info] will contain Hosting assets to be uploaded with firebase deploy. If you
[info] have a build process for your assets, use your build's output directory.
[info] 
[info] ✔  Wrote public/404.html 
[debug] [2022-12-21T17:20:02.199Z] >>> [apiv2][query] GET https://www.gstatic.com/firebasejs/releases.json [none]
[debug] [2022-12-21T17:20:02.435Z] <<< [apiv2][status] GET https://www.gstatic.com/firebasejs/releases.json 200
[debug] [2022-12-21T17:20:02.436Z] <<< [apiv2][body] GET https://www.gstatic.com/firebasejs/releases.json {"current":{"version":"9.15.0","browserURL":"https://www.gstatic.com/firebasejs/9.15.0/firebase.js","packageURL":"https://www.gstatic.com/firebasejs/9.15.0/firebase.tgz"},"live":{"version":"9.15","browserURL":"https://www.gstatic.com/firebasejs/live/9.15/firebase.js","packageURL":"https://www.gstatic.com/firebasejs/live/9.15/firebase.tgz"},"components":{"analytics":"https://www.gstatic.com/firebasejs/9.15.0/firebase-analytics.js","app":"https://www.gstatic.com/firebasejs/9.15.0/firebase-app.js","app-check":"https://www.gstatic.com/firebasejs/9.15.0/firebase-app-check.js","auth":"https://www.gstatic.com/firebasejs/9.15.0/firebase-auth.js","auth/cordova":"https://www.gstatic.com/firebasejs/9.15.0/firebase-auth/cordova.js","auth/react-native":"https://www.gstatic.com/firebasejs/9.15.0/firebase-auth/react-native.js","functions":"https://www.gstatic.com/firebasejs/9.15.0/firebase-functions.js","firestore":"https://www.gstatic.com/firebasejs/9.15.0/firebase-firestore.js","firestore/lite":"https://www.gstatic.com/firebasejs/9.15.0/firebase-firestore/lite.js","installations":"https://www.gstatic.com/firebasejs/9.15.0/firebase-installations.js","storage":"https://www.gstatic.com/firebasejs/9.15.0/firebase-storage.js","performance":"https://www.gstatic.com/firebasejs/9.15.0/firebase-performance.js","remote-config":"https://www.gstatic.com/firebasejs/9.15.0/firebase-remote-config.js","messaging":"https://www.gstatic.com/firebasejs/9.15.0/firebase-messaging.js","messaging/sw":"https://www.gstatic.com/firebasejs/9.15.0/firebase-messaging/sw.js","database":"https://www.gstatic.com/firebasejs/9.15.0/firebase-database.js","firestore.memory":"https://www.gstatic.com/firebasejs/9.15.0/firebase-firestore.memory.js"}}
[info] ✔  Wrote public/index.html 
[info] 
[info] i  Didn't detect a .git folder. Assuming /Users/ng/web/am_country_city is the project root. 
[info] i  Authorizing with GitHub to upload your service account to a GitHub repository's secrets store. 
[info] 
[info] Visit this URL on this device to log in:
[info] https://github.com/login/oauth/authorize?client_id=89cf50f02ac6aaed3484&state=464567607&redirect_uri=http%3A%2F%2Flocalhost%3A9005&scope=read%3Auser%20repo%20public_repo
[info] 
[info] Waiting for authentication...
[debug] [2022-12-21T17:20:41.898Z] >>> [apiv2][query] POST https://github.com/login/oauth/access_token [none]
[debug] [2022-12-21T17:20:41.899Z] >>> [apiv2][body] POST https://github.com/login/oauth/access_token [stream]
[debug] [2022-12-21T17:20:42.396Z] <<< [apiv2][status] POST https://github.com/login/oauth/access_token 200
[debug] [2022-12-21T17:20:42.397Z] <<< [apiv2][body] POST https://github.com/login/oauth/access_token {"access_token":"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","token_type":"bearer","scope":"read:user,repo"}
[debug] [2022-12-21T17:20:42.409Z] >>> [apiv2][query] GET https://api.github.com/user [none]
[debug] [2022-12-21T17:20:42.915Z] <<< [apiv2][status] GET https://api.github.com/user 200
[debug] [2022-12-21T17:20:42.915Z] <<< [apiv2][body] GET https://api.github.com/user {"login":"nailgilaziev","id":2749021,"node_id":"MDQ6VXNlcjI3NDkwMjE=","avatar_url":"https://avatars.githubusercontent.com/u/2749021?v=4","gravatar_id":"","url":"https://api.github.com/users/nailgilaziev","html_url":"https://github.com/nailgilaziev","followers_url":"https://api.github.com/users/nailgilaziev/followers","following_url":"https://api.github.com/users/nailgilaziev/following{/other_user}","gists_url":"https://api.github.com/users/nailgilaziev/gists{/gist_id}","starred_url":"https://api.github.com/users/nailgilaziev/starred{/owner}{/repo}","subscriptions_url":"https://api.github.com/users/nailgilaziev/subscriptions","organizations_url":"https://api.github.com/users/nailgilaziev/orgs","repos_url":"https://api.github.com/users/nailgilaziev/repos","events_url":"https://api.github.com/users/nailgilaziev/events{/privacy}","received_events_url":"https://api.github.com/users/nailgilaziev/received_events","type":"User","site_admin":false,"name":"Nail Gilaziev","company":"GradoService LLC","blog":"","location":"Russia, Kazan","email":"nail.gilaziev@gmail.com","hireable":null,"bio":"Father, mobile developer with a backend, devops, dba mixin","twitter_username":null,"public_repos":41,"public_gists":10,"followers":2,"following":0,"created_at":"2012-11-08T07:28:03Z","updated_at":"2022-12-21T17:20:25Z","private_gists":7,"total_private_repos":6,"owned_private_repos":6,"disk_usage":24899,"collaborators":1,"two_factor_authentication":false,"plan":{"name":"free","space":976562499,"collaborators":0,"private_repos":10000}}
[info] 
[info] ✔  Success! Logged into GitHub as nailgilaziev 
[info] 
